[0815/144405.034:ERROR:process_memory_win.cc(73)] ReadMemory at 0x7ff767c50000 of 64 bytes failed: Only part of a ReadProcessMemory or WriteProcessMemory request was completed. (0x12B)
[0815/144405.038:WARNING:pe_image_reader.cc(340)] could not read dos header from C:\Program Files (x86)\Google\Chrome\Application\chrome.exe
[0815/144405.038:ERROR:process_memory_win.cc(73)] ReadMemory at 0x7fffc1460000 of 64 bytes failed: Only part of a ReadProcessMemory or WriteProcessMemory request was completed. (0x12B)
[0815/144405.038:WARNING:pe_image_reader.cc(340)] could not read dos header from C:\Windows\SYSTEM32\ntdll.dll
[0815/144405.038:ERROR:process_memory_win.cc(73)] ReadMemory at 0x7fffbeb30000 of 64 bytes failed: Only part of a ReadProcessMemory or WriteProcessMemory request was completed. (0x12B)
[0815/144405.038:WARNING:pe_image_reader.cc(340)] could not read dos header from C:\Windows\system32\KERNEL32.DLL
[0815/144405.038:ERROR:process_memory_win.cc(73)] ReadMemory at 0x7fffbe920000 of 64 bytes failed: Only part of a ReadProcessMemory or WriteProcessMemory request was completed. (0x12B)
[0815/144405.038:WARNING:pe_image_reader.cc(340)] could not read dos header from C:\Windows\system32\KERNELBASE.dll
[0815/144405.038:ERROR:process_memory_win.cc(73)] ReadMemory at 0x7fffa7820000 of 64 bytes failed: Only part of a ReadProcessMemory or WriteProcessMemory request was completed. (0x12B)
[0815/144405.038:WARNING:pe_image_reader.cc(340)] could not read dos header from C:\Program Files (x86)\Google\Chrome\Application\76.0.3809.100\chrome_elf.dll
[0815/144405.038:ERROR:process_memory_win.cc(73)] ReadMemory at 0x7fffbafc0000 of 64 bytes failed: Only part of a ReadProcessMemory or WriteProcessMemory request was completed. (0x12B)
[0815/144405.038:WARNING:pe_image_reader.cc(340)] could not read dos header from C:\Windows\SYSTEM32\VERSION.dll
[0815/144405.038:ERROR:process_memory_win.cc(73)] ReadMemory at 0x7fffc1020000 of 64 bytes failed: Only part of a ReadProcessMemory or WriteProcessMemory request was completed. (0x12B)
[0815/144405.038:WARNING:pe_image_reader.cc(340)] could not read dos header from C:\Windows\system32\msvcrt.dll
[0815/144405.038:ERROR:process_memory_win.cc(73)] ReadMemory at 0x7fffc0c00000 of 64 bytes failed: Only part of a ReadProcessMemory or WriteProcessMemory request was completed. (0x12B)
[0815/144405.038:WARNING:pe_image_reader.cc(340)] could not read dos header from C:\Windows\system32\ADVAPI32.dll
[0815/144405.038:ERROR:process_memory_win.cc(73)] ReadMemory at 0x7fffc0fc0000 of 64 bytes failed: Only part of a ReadProcessMemory or WriteProcessMemory request was completed. (0x12B)
[0815/144405.042:WARNING:pe_image_reader.cc(340)] could not read dos header from C:\Windows\SYSTEM32\sechost.dll
[0815/144405.042:ERROR:process_memory_win.cc(73)] ReadMemory at 0x7fffbed30000 of 64 bytes failed: Only part of a ReadProcessMemory or WriteProcessMemory request was completed. (0x12B)
[0815/144405.042:WARNING:pe_image_reader.cc(340)] could not read dos header from C:\Windows\system32\RPCRT4.dll
[0815/144405.042:ERROR:process_memory_win.cc(73)] ReadMemory at 0x7fffbe660000 of 64 bytes failed: Only part of a ReadProcessMemory or WriteProcessMemory request was completed. (0x12B)
[0815/144405.042:WARNING:pe_image_reader.cc(340)] could not read dos header from C:\Windows\system32\SspiCli.dll
[0815/144405.042:ERROR:process_memory_win.cc(73)] ReadMemory at 0x7fff95aa0000 of 64 bytes failed: Only part of a ReadProcessMemory or WriteProcessMemory request was completed. (0x12B)
[0815/144405.042:WARNING:pe_image_reader.cc(340)] could not read dos header from C:\Program Files (x86)\Google\Chrome\Application\76.0.3809.100\chrome_child.dll
[0815/144405.042:ERROR:process_memory_win.cc(73)] ReadMemory at 0x7fffc0a30000 of 64 bytes failed: Only part of a ReadProcessMemory or WriteProcessMemory request was completed. (0x12B)
[0815/144405.042:WARNING:pe_image_reader.cc(340)] could not read dos header from C:\Windows\system32\OLEAUT32.dll
[0815/144405.042:ERROR:process_memory_win.cc(73)] ReadMemory at 0x7fffc07a0000 of 64 bytes failed: Only part of a ReadProcessMemory or WriteProcessMemory request was completed. (0x12B)
[0815/144405.042:WARNING:pe_image_reader.cc(340)] could not read dos header from C:\Windows\system32\WS2_32.dll
[0815/144405.042:ERROR:process_memory_win.cc(73)] ReadMemory at 0x7fffb8480000 of 64 bytes failed: Only part of a ReadProcessMemory or WriteProcessMemory request was completed. (0x12B)
[0815/144405.042:WARNING:pe_image_reader.cc(340)] could not read dos header from C:\Windows\SYSTEM32\IPHLPAPI.DLL
[0815/144405.042:ERROR:process_memory_win.cc(73)] ReadMemory at 0x7fffbaf90000 of 64 bytes failed: Only part of a ReadProcessMemory or WriteProcessMemory request was completed. (0x12B)
[0815/144405.042:WARNING:pe_image_reader.cc(340)] could not read dos header from C:\Windows\SYSTEM32\WINMM.dll
[0815/144405.042:ERROR:process_memory_win.cc(73)] ReadMemory at 0x7fffc0cb0000 of 64 bytes failed: Only part of a ReadProcessMemory or WriteProcessMemory request was completed. (0x12B)
[0815/144405.046:WARNING:pe_image_reader.cc(340)] could not read dos header from C:\Windows\system32\GDI32.dll
[0815/144405.046:ERROR:process_memory_win.cc(73)] ReadMemory at 0x7fffbea40000 of 64 bytes failed: Only part of a ReadProcessMemory or WriteProcessMemory request was completed. (0x12B)
[0815/144405.046:WARNING:pe_image_reader.cc(340)] could not read dos header from C:\Windows\system32\WINTRUST.dll
[0815/144405.046:ERROR:process_memory_win.cc(73)] ReadMemory at 0x7fffbe740000 of 64 bytes failed: Only part of a ReadProcessMemory or WriteProcessMemory request was completed. (0x12B)
[0815/144405.046:WARNING:pe_image_reader.cc(340)] could not read dos header from C:\Windows\system32\CRYPT32.dll
[0815/144405.046:ERROR:process_memory_win.cc(73)] ReadMemory at 0x7fffbdb50000 of 64 bytes failed: Only part of a ReadProcessMemory or WriteProcessMemory request was completed. (0x12B)
[0815/144405.046:WARNING:pe_image_reader.cc(340)] could not read dos header from C:\Windows\SYSTEM32\USERENV.dll
[0815/144405.046:ERROR:process_memory_win.cc(73)] ReadMemory at 0x7fffba8e0000 of 64 bytes failed: Only part of a ReadProcessMemory or WriteProcessMemory request was completed. (0x12B)
[0815/144405.046:WARNING:pe_image_reader.cc(340)] could not read dos header from C:\Windows\SYSTEM32\DWrite.dll
[0815/144405.046:ERROR:process_memory_win.cc(73)] ReadMemory at 0x7fffb9e20000 of 64 bytes failed: Only part of a ReadProcessMemory or WriteProcessMemory request was completed. (0x12B)
[0815/144405.050:WARNING:pe_image_reader.cc(340)] could not read dos header from C:\Windows\SYSTEM32\WINSPOOL.DRV
[0815/144405.050:ERROR:process_memory_win.cc(73)] ReadMemory at 0x7fffb8c80000 of 64 bytes failed: Only part of a ReadProcessMemory or WriteProcessMemory request was completed. (0x12B)
[0815/144405.050:WARNING:pe_image_reader.cc(340)] could not read dos header from C:\Windows\SYSTEM32\dbghelp.dll
[0815/144405.050:ERROR:process_memory_win.cc(73)] ReadMemory at 0x7fffb5580000 of 64 bytes failed: Only part of a ReadProcessMemory or WriteProcessMemory request was completed. (0x12B)
[0815/144405.050:WARNING:pe_image_reader.cc(340)] could not read dos header from C:\Windows\SYSTEM32\WINHTTP.dll
[0815/144405.050:ERROR:process_memory_win.cc(73)] ReadMemory at 0x7fffbb070000 of 64 bytes failed: Only part of a ReadProcessMemory or WriteProcessMemory request was completed. (0x12B)
[0815/144405.050:WARNING:pe_image_reader.cc(340)] could not read dos header from C:\Windows\SYSTEM32\Secur32.dll
[0815/144405.050:ERROR:process_memory_win.cc(73)] ReadMemory at 0x7fffb8400000 of 64 bytes failed: Only part of a ReadProcessMemory or WriteProcessMemory request was completed. (0x12B)
[0815/144405.050:WARNING:pe_image_reader.cc(340)] could not read dos header from C:\Windows\SYSTEM32\dhcpcsvc.DLL
[0815/144405.050:ERROR:process_memory_win.cc(73)] ReadMemory at 0x7fffc1250000 of 64 bytes failed: Only part of a ReadProcessMemory or WriteProcessMemory request was completed. (0x12B)
[0815/144405.050:WARNING:pe_image_reader.cc(340)] could not read dos header from C:\Windows\system32\combase.dll
[0815/144405.050:ERROR:process_memory_win.cc(73)] ReadMemory at 0x7fffbeaf0000 of 64 bytes failed: Only part of a ReadProcessMemory or WriteProcessMemory request was completed. (0x12B)
[0815/144405.050:WARNING:pe_image_reader.cc(340)] could not read dos header from C:\Windows\system32\NSI.dll
[0815/144405.050:ERROR:process_memory_win.cc(73)] ReadMemory at 0x7fffb8350000 of 64 bytes failed: Only part of a ReadProcessMemory or WriteProcessMemory request was completed. (0x12B)
[0815/144405.050:WARNING:pe_image_reader.cc(340)] could not read dos header from C:\Windows\SYSTEM32\WINNSI.DLL
[0815/144405.050:ERROR:process_memory_win.cc(73)] ReadMemory at 0x7fffba360000 of 64 bytes failed: Only part of a ReadProcessMemory or WriteProcessMemory request was completed. (0x12B)
[0815/144405.050:WARNING:pe_image_reader.cc(340)] could not read dos header from C:\Windows\SYSTEM32\WINMMBASE.dll
[0815/144405.050:ERROR:process_memory_win.cc(73)] ReadMemory at 0x7fffc10d0000 of 64 bytes failed: Only part of a ReadProcessMemory or WriteProcessMemory request was completed. (0x12B)
[0815/144405.050:WARNING:pe_image_reader.cc(340)] could not read dos header from C:\Windows\system32\USER32.dll
[0815/144405.050:ERROR:process_memory_win.cc(73)] ReadMemory at 0x7fffbe640000 of 64 bytes failed: Only part of a ReadProcessMemory or WriteProcessMemory request was completed. (0x12B)
[0815/144405.050:WARNING:pe_image_reader.cc(340)] could not read dos header from C:\Windows\system32\MSASN1.dll
[0815/144405.050:ERROR:process_memory_win.cc(73)] ReadMemory at 0x7fffbe590000 of 64 bytes failed: Only part of a ReadProcessMemory or WriteProcessMemory request was completed. (0x12B)
[0815/144405.050:WARNING:pe_image_reader.cc(340)] could not read dos header from C:\Windows\SYSTEM32\profapi.dll
[0815/144405.050:ERROR:process_memory_win.cc(73)] ReadMemory at 0x7fffbeaa0000 of 64 bytes failed: Only part of a ReadProcessMemory or WriteProcessMemory request was completed. (0x12B)
[0815/144405.050:WARNING:pe_image_reader.cc(340)] could not read dos header from C:\Windows\SYSTEM32\cfgmgr32.dll
[0815/144405.050:ERROR:process_memory_win.cc(73)] ReadMemory at 0x7fffbd3b0000 of 64 bytes failed: Only part of a ReadProcessMemory or WriteProcessMemory request was completed. (0x12B)
[0815/144405.050:WARNING:pe_image_reader.cc(340)] could not read dos header from C:\Windows\SYSTEM32\DEVOBJ.dll
[0815/144405.050:ERROR:process_memory_win.cc(73)] ReadMemory at 0x7fffc0b00000 of 64 bytes failed: Only part of a ReadProcessMemory or WriteProcessMemory request was completed. (0x12B)
[0815/144405.050:WARNING:pe_image_reader.cc(340)] could not read dos header from C:\Windows\system32\IMM32.DLL
[0815/144405.050:ERROR:process_memory_win.cc(73)] ReadMemory at 0x7fffc0e60000 of 64 bytes failed: Only part of a ReadProcessMemory or WriteProcessMemory request was completed. (0x12B)
[0815/144405.050:WARNING:pe_image_reader.cc(340)] could not read dos header from C:\Windows\system32\MSCTF.dll
[0815/144405.050:ERROR:process_memory_win.cc(73)] ReadMemory at 0x7fffbe500000 of 64 bytes failed: Only part of a ReadProcessMemory or WriteProcessMemory request was completed. (0x12B)
[0815/144405.050:WARNING:pe_image_reader.cc(340)] could not read dos header from C:\Windows\SYSTEM32\CRYPTBASE.DLL
[0815/144405.054:ERROR:process_memory_win.cc(73)] ReadMemory at 0x7fffbe390000 of 64 bytes failed: Only part of a ReadProcessMemory or WriteProcessMemory request was completed. (0x12B)
[0815/144405.054:WARNING:pe_image_reader.cc(340)] could not read dos header from C:\Windows\SYSTEM32\bcryptPrimitives.dll
[0815/144405.054:ERROR:process_memory_win.cc(73)] ReadMemory at 0x7ff767c50000 of 64 bytes failed: Only part of a ReadProcessMemory or WriteProcessMemory request was completed. (0x12B)
[0815/144405.054:WARNING:pe_image_reader.cc(340)] could not read dos header from C:\Program Files (x86)\Google\Chrome\Application\chrome.exe
[0815/144405.054:ERROR:process_memory_win.cc(73)] ReadMemory at 0x7fffc1460000 of 64 bytes failed: Only part of a ReadProcessMemory or WriteProcessMemory request was completed. (0x12B)
[0815/144405.054:WARNING:pe_image_reader.cc(340)] could not read dos header from C:\Windows\SYSTEM32\ntdll.dll
[0815/144405.054:ERROR:process_memory_win.cc(73)] ReadMemory at 0x7fffbeb30000 of 64 bytes failed: Only part of a ReadProcessMemory or WriteProcessMemory request was completed. (0x12B)
[0815/144405.054:WARNING:pe_image_reader.cc(340)] could not read dos header from C:\Windows\system32\KERNEL32.DLL
[0815/144405.054:ERROR:process_memory_win.cc(73)] ReadMemory at 0x7fffbe920000 of 64 bytes failed: Only part of a ReadProcessMemory or WriteProcessMemory request was completed. (0x12B)
[0815/144405.054:WARNING:pe_image_reader.cc(340)] could not read dos header from C:\Windows\system32\KERNELBASE.dll
[0815/144405.054:ERROR:process_memory_win.cc(73)] ReadMemory at 0x7fffa7820000 of 64 bytes failed: Only part of a ReadProcessMemory or WriteProcessMemory request was completed. (0x12B)
[0815/144405.054:WARNING:pe_image_reader.cc(340)] could not read dos header from C:\Program Files (x86)\Google\Chrome\Application\76.0.3809.100\chrome_elf.dll
[0815/144405.054:ERROR:process_memory_win.cc(73)] ReadMemory at 0x7fffbafc0000 of 64 bytes failed: Only part of a ReadProcessMemory or WriteProcessMemory request was completed. (0x12B)
[0815/144405.054:WARNING:pe_image_reader.cc(340)] could not read dos header from C:\Windows\SYSTEM32\VERSION.dll
[0815/144405.054:ERROR:process_memory_win.cc(73)] ReadMemory at 0x7fffc1020000 of 64 bytes failed: Only part of a ReadProcessMemory or WriteProcessMemory request was completed. (0x12B)
[0815/144405.054:WARNING:pe_image_reader.cc(340)] could not read dos header from C:\Windows\system32\msvcrt.dll
[0815/144405.054:ERROR:process_memory_win.cc(73)] ReadMemory at 0x7fffc0c00000 of 64 bytes failed: Only part of a ReadProcessMemory or WriteProcessMemory request was completed. (0x12B)
[0815/144405.054:WARNING:pe_image_reader.cc(340)] could not read dos header from C:\Windows\system32\ADVAPI32.dll
[0815/144405.054:ERROR:process_memory_win.cc(73)] ReadMemory at 0x7fffc0fc0000 of 64 bytes failed: Only part of a ReadProcessMemory or WriteProcessMemory request was completed. (0x12B)
[0815/144405.054:WARNING:pe_image_reader.cc(340)] could not read dos header from C:\Windows\SYSTEM32\sechost.dll
[0815/144405.054:ERROR:process_memory_win.cc(73)] ReadMemory at 0x7fffbed30000 of 64 bytes failed: Only part of a ReadProcessMemory or WriteProcessMemory request was completed. (0x12B)
[0815/144405.054:WARNING:pe_image_reader.cc(340)] could not read dos header from C:\Windows\system32\RPCRT4.dll
[0815/144405.054:ERROR:process_memory_win.cc(73)] ReadMemory at 0x7fffbe660000 of 64 bytes failed: Only part of a ReadProcessMemory or WriteProcessMemory request was completed. (0x12B)
[0815/144405.054:WARNING:pe_image_reader.cc(340)] could not read dos header from C:\Windows\system32\SspiCli.dll
[0815/144405.054:ERROR:process_memory_win.cc(73)] ReadMemory at 0x7fff95aa0000 of 64 bytes failed: Only part of a ReadProcessMemory or WriteProcessMemory request was completed. (0x12B)
[0815/144405.054:WARNING:pe_image_reader.cc(340)] could not read dos header from C:\Program Files (x86)\Google\Chrome\Application\76.0.3809.100\chrome_child.dll
[0815/144405.054:ERROR:process_memory_win.cc(73)] ReadMemory at 0x7fffc0a30000 of 64 bytes failed: Only part of a ReadProcessMemory or WriteProcessMemory request was completed. (0x12B)
[0815/144405.054:WARNING:pe_image_reader.cc(340)] could not read dos header from C:\Windows\system32\OLEAUT32.dll
[0815/144405.054:ERROR:process_memory_win.cc(73)] ReadMemory at 0x7fffc07a0000 of 64 bytes failed: Only part of a ReadProcessMemory or WriteProcessMemory request was completed. (0x12B)
[0815/144405.054:WARNING:pe_image_reader.cc(340)] could not read dos header from C:\Windows\system32\WS2_32.dll
[0815/144405.054:ERROR:process_memory_win.cc(73)] ReadMemory at 0x7fffb8480000 of 64 bytes failed: Only part of a ReadProcessMemory or WriteProcessMemory request was completed. (0x12B)
[0815/144405.054:WARNING:pe_image_reader.cc(340)] could not read dos header from C:\Windows\SYSTEM32\IPHLPAPI.DLL
[0815/144405.054:ERROR:process_memory_win.cc(73)] ReadMemory at 0x7fffbaf90000 of 64 bytes failed: Only part of a ReadProcessMemory or WriteProcessMemory request was completed. (0x12B)
[0815/144405.054:WARNING:pe_image_reader.cc(340)] could not read dos header from C:\Windows\SYSTEM32\WINMM.dll
[0815/144405.058:ERROR:process_memory_win.cc(73)] ReadMemory at 0x7fffc0cb0000 of 64 bytes failed: Only part of a ReadProcessMemory or WriteProcessMemory request was completed. (0x12B)
[0815/144405.058:WARNING:pe_image_reader.cc(340)] could not read dos header from C:\Windows\system32\GDI32.dll
[0815/144405.058:ERROR:process_memory_win.cc(73)] ReadMemory at 0x7fffbea40000 of 64 bytes failed: Only part of a ReadProcessMemory or WriteProcessMemory request was completed. (0x12B)
[0815/144405.058:WARNING:pe_image_reader.cc(340)] could not read dos header from C:\Windows\system32\WINTRUST.dll
[0815/144405.058:ERROR:process_memory_win.cc(73)] ReadMemory at 0x7fffbe740000 of 64 bytes failed: Only part of a ReadProcessMemory or WriteProcessMemory request was completed. (0x12B)
[0815/144405.058:WARNING:pe_image_reader.cc(340)] could not read dos header from C:\Windows\system32\CRYPT32.dll
[0815/144405.058:ERROR:process_memory_win.cc(73)] ReadMemory at 0x7fffbdb50000 of 64 bytes failed: Only part of a ReadProcessMemory or WriteProcessMemory request was completed. (0x12B)
[0815/144405.058:WARNING:pe_image_reader.cc(340)] could not read dos header from C:\Windows\SYSTEM32\USERENV.dll
[0815/144405.058:ERROR:process_memory_win.cc(73)] ReadMemory at 0x7fffba8e0000 of 64 bytes failed: Only part of a ReadProcessMemory or WriteProcessMemory request was completed. (0x12B)
[0815/144405.058:WARNING:pe_image_reader.cc(340)] could not read dos header from C:\Windows\SYSTEM32\DWrite.dll
[0815/144405.058:ERROR:process_memory_win.cc(73)] ReadMemory at 0x7fffb9e20000 of 64 bytes failed: Only part of a ReadProcessMemory or WriteProcessMemory request was completed. (0x12B)
[0815/144405.058:WARNING:pe_image_reader.cc(340)] could not read dos header from C:\Windows\SYSTEM32\WINSPOOL.DRV
[0815/144405.058:ERROR:process_memory_win.cc(73)] ReadMemory at 0x7fffb8c80000 of 64 bytes failed: Only part of a ReadProcessMemory or WriteProcessMemory request was completed. (0x12B)
[0815/144405.058:WARNING:pe_image_reader.cc(340)] could not read dos header from C:\Windows\SYSTEM32\dbghelp.dll
[0815/144405.058:ERROR:process_memory_win.cc(73)] ReadMemory at 0x7fffb5580000 of 64 bytes failed: Only part of a ReadProcessMemory or WriteProcessMemory request was completed. (0x12B)
[0815/144405.058:WARNING:pe_image_reader.cc(340)] could not read dos header from C:\Windows\SYSTEM32\WINHTTP.dll
[0815/144405.058:ERROR:process_memory_win.cc(73)] ReadMemory at 0x7fffbb070000 of 64 bytes failed: Only part of a ReadProcessMemory or WriteProcessMemory request was completed. (0x12B)
[0815/144405.058:WARNING:pe_image_reader.cc(340)] could not read dos header from C:\Windows\SYSTEM32\Secur32.dll
[0815/144405.058:ERROR:process_memory_win.cc(73)] ReadMemory at 0x7fffb8400000 of 64 bytes failed: Only part of a ReadProcessMemory or WriteProcessMemory request was completed. (0x12B)
[0815/144405.058:WARNING:pe_image_reader.cc(340)] could not read dos header from C:\Windows\SYSTEM32\dhcpcsvc.DLL
[0815/144405.058:ERROR:process_memory_win.cc(73)] ReadMemory at 0x7fffc1250000 of 64 bytes failed: Only part of a ReadProcessMemory or WriteProcessMemory request was completed. (0x12B)
[0815/144405.058:WARNING:pe_image_reader.cc(340)] could not read dos header from C:\Windows\system32\combase.dll
[0815/144405.058:ERROR:process_memory_win.cc(73)] ReadMemory at 0x7fffbeaf0000 of 64 bytes failed: Only part of a ReadProcessMemory or WriteProcessMemory request was completed. (0x12B)
[0815/144405.058:WARNING:pe_image_reader.cc(340)] could not read dos header from C:\Windows\system32\NSI.dll
[0815/144405.058:ERROR:process_memory_win.cc(73)] ReadMemory at 0x7fffb8350000 of 64 bytes failed: Only part of a ReadProcessMemory or WriteProcessMemory request was completed. (0x12B)
[0815/144405.058:WARNING:pe_image_reader.cc(340)] could not read dos header from C:\Windows\SYSTEM32\WINNSI.DLL
[0815/144405.058:ERROR:process_memory_win.cc(73)] ReadMemory at 0x7fffba360000 of 64 bytes failed: Only part of a ReadProcessMemory or WriteProcessMemory request was completed. (0x12B)
[0815/144405.058:WARNING:pe_image_reader.cc(340)] could not read dos header from C:\Windows\SYSTEM32\WINMMBASE.dll
[0815/144405.058:ERROR:process_memory_win.cc(73)] ReadMemory at 0x7fffc10d0000 of 64 bytes failed: Only part of a ReadProcessMemory or WriteProcessMemory request was completed. (0x12B)
[0815/144405.058:WARNING:pe_image_reader.cc(340)] could not read dos header from C:\Windows\system32\USER32.dll
[0815/144405.058:ERROR:process_memory_win.cc(73)] ReadMemory at 0x7fffbe640000 of 64 bytes failed: Only part of a ReadProcessMemory or WriteProcessMemory request was completed. (0x12B)
[0815/144405.062:WARNING:pe_image_reader.cc(340)] could not read dos header from C:\Windows\system32\MSASN1.dll
[0815/144405.062:ERROR:process_memory_win.cc(73)] ReadMemory at 0x7fffbe590000 of 64 bytes failed: Only part of a ReadProcessMemory or WriteProcessMemory request was completed. (0x12B)
[0815/144405.062:WARNING:pe_image_reader.cc(340)] could not read dos header from C:\Windows\SYSTEM32\profapi.dll
[0815/144405.062:ERROR:process_memory_win.cc(73)] ReadMemory at 0x7fffbeaa0000 of 64 bytes failed: Only part of a ReadProcessMemory or WriteProcessMemory request was completed. (0x12B)
[0815/144405.062:WARNING:pe_image_reader.cc(340)] could not read dos header from C:\Windows\SYSTEM32\cfgmgr32.dll
[0815/144405.062:ERROR:process_memory_win.cc(73)] ReadMemory at 0x7fffbd3b0000 of 64 bytes failed: Only part of a ReadProcessMemory or WriteProcessMemory request was completed. (0x12B)
[0815/144405.062:WARNING:pe_image_reader.cc(340)] could not read dos header from C:\Windows\SYSTEM32\DEVOBJ.dll
[0815/144405.062:ERROR:process_memory_win.cc(73)] ReadMemory at 0x7fffc0b00000 of 64 bytes failed: Only part of a ReadProcessMemory or WriteProcessMemory request was completed. (0x12B)
[0815/144405.062:WARNING:pe_image_reader.cc(340)] could not read dos header from C:\Windows\system32\IMM32.DLL
[0815/144405.062:ERROR:process_memory_win.cc(73)] ReadMemory at 0x7fffc0e60000 of 64 bytes failed: Only part of a ReadProcessMemory or WriteProcessMemory request was completed. (0x12B)
[0815/144405.062:WARNING:pe_image_reader.cc(340)] could not read dos header from C:\Windows\system32\MSCTF.dll
[0815/144405.062:ERROR:process_memory_win.cc(73)] ReadMemory at 0x7fffbe500000 of 64 bytes failed: Only part of a ReadProcessMemory or WriteProcessMemory request was completed. (0x12B)
[0815/144405.062:WARNING:pe_image_reader.cc(340)] could not read dos header from C:\Windows\SYSTEM32\CRYPTBASE.DLL
[0815/144405.062:ERROR:process_memory_win.cc(73)] ReadMemory at 0x7fffbe390000 of 64 bytes failed: Only part of a ReadProcessMemory or WriteProcessMemory request was completed. (0x12B)
[0815/144405.062:WARNING:pe_image_reader.cc(340)] could not read dos header from C:\Windows\SYSTEM32\bcryptPrimitives.dll
[0815/144405.090:ERROR:process_memory_win.cc(73)] ReadMemory at 0x7eaed86000 of 40960 bytes failed: Only part of a ReadProcessMemory or WriteProcessMemory request was completed. (0x12B)
[0815/144405.094:ERROR:process_memory_win.cc(73)] ReadMemory at 0x7eb11dd000 of 12288 bytes failed: Only part of a ReadProcessMemory or WriteProcessMemory request was completed. (0x12B)
[0815/144405.094:ERROR:process_memory_win.cc(73)] ReadMemory at 0x7eb15dd000 of 12288 bytes failed: Only part of a ReadProcessMemory or WriteProcessMemory request was completed. (0x12B)
[0815/144405.094:ERROR:process_memory_win.cc(73)] ReadMemory at 0x7eb17dc000 of 16384 bytes failed: Only part of a ReadProcessMemory or WriteProcessMemory request was completed. (0x12B)
[0815/144405.094:ERROR:process_memory_win.cc(73)] ReadMemory at 0x7eb19de000 of 8192 bytes failed: Only part of a ReadProcessMemory or WriteProcessMemory request was completed. (0x12B)
[0815/144405.094:ERROR:process_memory_win.cc(73)] ReadMemory at 0x7eb1bdd000 of 12288 bytes failed: Only part of a ReadProcessMemory or WriteProcessMemory request was completed. (0x12B)
[0815/144405.094:ERROR:process_memory_win.cc(73)] ReadMemory at 0x7eb1fdb000 of 20480 bytes failed: Only part of a ReadProcessMemory or WriteProcessMemory request was completed. (0x12B)
[0815/144405.094:ERROR:process_memory_win.cc(73)] ReadMemory at 0x7eb23dd000 of 12288 bytes failed: Only part of a ReadProcessMemory or WriteProcessMemory request was completed. (0x12B)
[0815/144405.094:ERROR:process_memory_win.cc(73)] ReadMemory at 0x7eb25dd000 of 12288 bytes failed: Only part of a ReadProcessMemory or WriteProcessMemory request was completed. (0x12B)
[0815/144405.094:ERROR:process_memory_win.cc(73)] ReadMemory at 0x7eb2fdd000 of 12288 bytes failed: Only part of a ReadProcessMemory or WriteProcessMemory request was completed. (0x12B)
[0815/144405.094:ERROR:process_memory_win.cc(73)] ReadMemory at 0x7eb31dd000 of 12288 bytes failed: Only part of a ReadProcessMemory or WriteProcessMemory request was completed. (0x12B)
[0815/144405.094:ERROR:process_memory_win.cc(73)] ReadMemory at 0x7eb33dd000 of 12288 bytes failed: Only part of a ReadProcessMemory or WriteProcessMemory request was completed. (0x12B)
[0815/144405.098:ERROR:process_memory_win.cc(73)] ReadMemory at 0x7eb35dc000 of 16384 bytes failed: Only part of a ReadProcessMemory or WriteProcessMemory request was completed. (0x12B)
[0815/144405.098:ERROR:process_memory_win.cc(73)] ReadMemory at 0x7eb21dd000 of 12288 bytes failed: Only part of a ReadProcessMemory or WriteProcessMemory request was completed. (0x12B)
[0815/144405.098:ERROR:process_memory_win.cc(73)] ReadMemory at 0x7eaee30780 of 158 bytes failed: Only part of a ReadProcessMemory or WriteProcessMemory request was completed. (0x12B)
[0815/144405.098:ERROR:process_memory_win.cc(73)] ReadMemory at 0x7eaee30860 of 4642 bytes failed: Only part of a ReadProcessMemory or WriteProcessMemory request was completed. (0x12B)
[0815/144405.098:ERROR:process_memory_win.cc(73)] ReadMemory at 0x7eaee31a90 of 1012 bytes failed: Only part of a ReadProcessMemory or WriteProcessMemory request was completed. (0x12B)
[0815/144405.098:ERROR:process_memory_win.cc(73)] ReadMemory at 0x7eaee320a8 of 118 bytes failed: Only part of a ReadProcessMemory or WriteProcessMemory request was completed. (0x12B)
[0815/144405.098:ERROR:process_memory_win.cc(73)] ReadMemory at 0x7eaee32120 of 866 bytes failed: Only part of a ReadProcessMemory or WriteProcessMemory request was completed. (0x12B)
[0815/144405.098:ERROR:process_memory_win.cc(73)] ReadMemory at 0x7eaee32484 of 118 bytes failed: Only part of a ReadProcessMemory or WriteProcessMemory request was completed. (0x12B)
[0815/144405.098:ERROR:process_memory_win.cc(73)] ReadMemory at 0x7eaee324fc of 94 bytes failed: Only part of a ReadProcessMemory or WriteProcessMemory request was completed. (0x12B)
[0815/144405.098:ERROR:process_memory_win.cc(73)] ReadMemory at 0x7eaee32570 of 58 bytes failed: Only part of a ReadProcessMemory or WriteProcessMemory request was completed. (0x12B)
[0815/144405.098:ERROR:process_memory_win.cc(73)] ReadMemory at 0x7eaee32670 of 132 bytes failed: Only part of a ReadProcessMemory or WriteProcessMemory request was completed. (0x12B)
[0815/144405.098:ERROR:process_memory_win.cc(73)] ReadMemory at 0x7eaee327f0 of 132 bytes failed: Only part of a ReadProcessMemory or WriteProcessMemory request was completed. (0x12B)
[0815/144405.098:ERROR:process_memory_win.cc(73)] ReadMemory at 0x7eaee32a00 of 126 bytes failed: Only part of a ReadProcessMemory or WriteProcessMemory request was completed. (0x12B)
[0815/144405.098:ERROR:process_memory_win.cc(73)] ReadMemory at 0x7eaee32cf0 of 64 bytes failed: Only part of a ReadProcessMemory or WriteProcessMemory request was completed. (0x12B)
[0815/144405.098:ERROR:process_memory_win.cc(73)] ReadMemory at 0x7eaee32d40 of 132 bytes failed: Only part of a ReadProcessMemory or WriteProcessMemory request was completed. (0x12B)
[0815/144405.098:ERROR:process_memory_win.cc(73)] ReadMemory at 0x7eaee32ec0 of 154 bytes failed: Only part of a ReadProcessMemory or WriteProcessMemory request was completed. (0x12B)
[0815/144405.102:ERROR:process_memory_win.cc(73)] ReadMemory at 0x7eaee32f70 of 132 bytes failed: Only part of a ReadProcessMemory or WriteProcessMemory request was completed. (0x12B)
[0815/144405.102:ERROR:process_memory_win.cc(73)] ReadMemory at 0x7eaee330b0 of 68 bytes failed: Only part of a ReadProcessMemory or WriteProcessMemory request was completed. (0x12B)
[0815/144405.102:ERROR:process_memory_win.cc(73)] ReadMemory at 0x7eaee33100 of 132 bytes failed: Only part of a ReadProcessMemory or WriteProcessMemory request was completed. (0x12B)
[0815/144405.102:ERROR:process_memory_win.cc(73)] ReadMemory at 0x7eaee34100 of 62 bytes failed: Only part of a ReadProcessMemory or WriteProcessMemory request was completed. (0x12B)
[0815/144405.102:ERROR:process_memory_win.cc(73)] ReadMemory at 0x7eaee34150 of 132 bytes failed: Only part of a ReadProcessMemory or WriteProcessMemory request was completed. (0x12B)
[0815/144405.102:ERROR:process_memory_win.cc(73)] ReadMemory at 0x7eaee35080 of 60 bytes failed: Only part of a ReadProcessMemory or WriteProcessMemory request was completed. (0x12B)
[0815/144405.102:ERROR:process_memory_win.cc(73)] ReadMemory at 0x7eaee35450 of 132 bytes failed: Only part of a ReadProcessMemory or WriteProcessMemory request was completed. (0x12B)
[0815/144405.102:ERROR:process_memory_win.cc(73)] ReadMemory at 0x7eaee36c80 of 132 bytes failed: Only part of a ReadProcessMemory or WriteProcessMemory request was completed. (0x12B)
[0815/144405.102:ERROR:process_memory_win.cc(73)] ReadMemory at 0x7eaee39380 of 132 bytes failed: Only part of a ReadProcessMemory or WriteProcessMemory request was completed. (0x12B)
[0815/144405.102:ERROR:process_memory_win.cc(73)] ReadMemory at 0x7eaee394a0 of 132 bytes failed: Only part of a ReadProcessMemory or WriteProcessMemory request was completed. (0x12B)
[0815/144405.102:ERROR:process_memory_win.cc(73)] ReadMemory at 0x7eaee3a210 of 132 bytes failed: Only part of a ReadProcessMemory or WriteProcessMemory request was completed. (0x12B)
[0815/144405.102:ERROR:process_memory_win.cc(73)] ReadMemory at 0x7eaee3a3c0 of 132 bytes failed: Only part of a ReadProcessMemory or WriteProcessMemory request was completed. (0x12B)
[0815/144405.102:ERROR:process_memory_win.cc(73)] ReadMemory at 0x7eaee3a610 of 60 bytes failed: Only part of a ReadProcessMemory or WriteProcessMemory request was completed. (0x12B)
[0815/144405.102:ERROR:process_memory_win.cc(73)] ReadMemory at 0x7eaee3a660 of 66 bytes failed: Only part of a ReadProcessMemory or WriteProcessMemory request was completed. (0x12B)
[0815/144405.102:ERROR:process_memory_win.cc(73)] ReadMemory at 0x7eaee3a6b0 of 62 bytes failed: Only part of a ReadProcessMemory or WriteProcessMemory request was completed. (0x12B)
[0815/144405.102:ERROR:process_memory_win.cc(73)] ReadMemory at 0x7eaee3a700 of 58 bytes failed: Only part of a ReadProcessMemory or WriteProcessMemory request was completed. (0x12B)
[0815/144405.102:ERROR:process_memory_win.cc(73)] ReadMemory at 0x7eaee3a750 of 64 bytes failed: Only part of a ReadProcessMemory or WriteProcessMemory request was completed. (0x12B)
[0815/144405.102:ERROR:process_memory_win.cc(73)] ReadMemory at 0x7eaee3a7a0 of 62 bytes failed: Only part of a ReadProcessMemory or WriteProcessMemory request was completed. (0x12B)
[0815/144405.102:ERROR:process_memory_win.cc(73)] ReadMemory at 0x7eaee3a7f0 of 60 bytes failed: Only part of a ReadProcessMemory or WriteProcessMemory request was completed. (0x12B)
[0815/144405.102:ERROR:process_memory_win.cc(73)] ReadMemory at 0x7eaee3a840 of 62 bytes failed: Only part of a ReadProcessMemory or WriteProcessMemory request was completed. (0x12B)
[0815/144405.102:ERROR:process_memory_win.cc(73)] ReadMemory at 0x7eaee3a890 of 62 bytes failed: Only part of a ReadProcessMemory or WriteProcessMemory request was completed. (0x12B)
[0815/144405.106:ERROR:process_memory_win.cc(73)] ReadMemory at 0x7eaee3a8e0 of 60 bytes failed: Only part of a ReadProcessMemory or WriteProcessMemory request was completed. (0x12B)
[0815/144405.106:ERROR:process_memory_win.cc(73)] ReadMemory at 0x7eaee3a930 of 64 bytes failed: Only part of a ReadProcessMemory or WriteProcessMemory request was completed. (0x12B)
[0815/144405.106:ERROR:process_memory_win.cc(73)] ReadMemory at 0x7eaee3a9d0 of 58 bytes failed: Only part of a ReadProcessMemory or WriteProcessMemory request was completed. (0x12B)
[0815/144405.106:ERROR:process_memory_win.cc(73)] ReadMemory at 0x7eaee3aa20 of 62 bytes failed: Only part of a ReadProcessMemory or WriteProcessMemory request was completed. (0x12B)
[0815/144405.106:ERROR:process_memory_win.cc(73)] ReadMemory at 0x7eaee3aa70 of 64 bytes failed: Only part of a ReadProcessMemory or WriteProcessMemory request was completed. (0x12B)
[0815/144405.106:ERROR:process_memory_win.cc(73)] ReadMemory at 0x7eaee3aac0 of 62 bytes failed: Only part of a ReadProcessMemory or WriteProcessMemory request was completed. (0x12B)
[0815/144405.106:ERROR:process_memory_win.cc(73)] ReadMemory at 0x7eaee3ab10 of 64 bytes failed: Only part of a ReadProcessMemory or WriteProcessMemory request was completed. (0x12B)
[0815/144405.106:ERROR:process_memory_win.cc(73)] ReadMemory at 0x7eaee3ab60 of 62 bytes failed: Only part of a ReadProcessMemory or WriteProcessMemory request was completed. (0x12B)
[0815/144405.106:ERROR:process_memory_win.cc(73)] ReadMemory at 0x7eaee3abb0 of 60 bytes failed: Only part of a ReadProcessMemory or WriteProcessMemory request was completed. (0x12B)
[0815/144405.106:ERROR:process_memory_win.cc(73)] ReadMemory at 0x7eaee3ac00 of 60 bytes failed: Only part of a ReadProcessMemory or WriteProcessMemory request was completed. (0x12B)
[0815/144405.106:ERROR:process_memory_win.cc(73)] ReadMemory at 0x7eaee3ac50 of 64 bytes failed: Only part of a ReadProcessMemory or WriteProcessMemory request was completed. (0x12B)
[0815/144405.106:ERROR:process_memory_win.cc(73)] ReadMemory at 0x7eaee3aca0 of 64 bytes failed: Only part of a ReadProcessMemory or WriteProcessMemory request was completed. (0x12B)
[0815/144405.106:ERROR:process_memory_win.cc(73)] ReadMemory at 0x7eaee3acf0 of 62 bytes failed: Only part of a ReadProcessMemory or WriteProcessMemory request was completed. (0x12B)
[0815/144405.106:ERROR:process_memory_win.cc(73)] ReadMemory at 0x7eaee3ad40 of 60 bytes failed: Only part of a ReadProcessMemory or WriteProcessMemory request was completed. (0x12B)
[0815/144405.106:ERROR:process_memory_win.cc(73)] ReadMemory at 0x7eaee3b5c0 of 132 bytes failed: Only part of a ReadProcessMemory or WriteProcessMemory request was completed. (0x12B)
[0815/144405.106:ERROR:process_memory_win.cc(73)] ReadMemory at 0x7eaee3b6e0 of 132 bytes failed: Only part of a ReadProcessMemory or WriteProcessMemory request was completed. (0x12B)
[0815/144405.106:ERROR:process_memory_win.cc(73)] ReadMemory at 0x7eaee3b800 of 132 bytes failed: Only part of a ReadProcessMemory or WriteProcessMemory request was completed. (0x12B)
[0815/144405.106:ERROR:process_memory_win.cc(73)] ReadMemory at 0x7eaee3d3b0 of 132 bytes failed: Only part of a ReadProcessMemory or WriteProcessMemory request was completed. (0x12B)
[0815/144405.106:ERROR:process_memory_win.cc(73)] ReadMemory at 0x7eaee3d4d0 of 132 bytes failed: Only part of a ReadProcessMemory or WriteProcessMemory request was completed. (0x12B)
[0815/144405.106:ERROR:process_memory_win.cc(73)] ReadMemory at 0x7eaee3daf0 of 54 bytes failed: Only part of a ReadProcessMemory or WriteProcessMemory request was completed. (0x12B)
[0815/144405.106:ERROR:process_memory_win.cc(73)] ReadMemory at 0x7eaee3e430 of 132 bytes failed: Only part of a ReadProcessMemory or WriteProcessMemory request was completed. (0x12B)
[0815/144405.110:ERROR:process_memory_win.cc(73)] ReadMemory at 0x7eaee3e550 of 132 bytes failed: Only part of a ReadProcessMemory or WriteProcessMemory request was completed. (0x12B)
[0815/144405.110:ERROR:process_memory_win.cc(73)] ReadMemory at 0x7eaee3e670 of 132 bytes failed: Only part of a ReadProcessMemory or WriteProcessMemory request was completed. (0x12B)
[0815/144405.110:ERROR:process_memory_win.cc(73)] ReadMemory at 0x7eaee3e790 of 132 bytes failed: Only part of a ReadProcessMemory or WriteProcessMemory request was completed. (0x12B)
[0815/144405.110:ERROR:process_memory_win.cc(73)] ReadMemory at 0x7eaee3e8b0 of 132 bytes failed: Only part of a ReadProcessMemory or WriteProcessMemory request was completed. (0x12B)
[0815/144405.110:ERROR:process_memory_win.cc(73)] ReadMemory at 0x7eaee3e9d0 of 132 bytes failed: Only part of a ReadProcessMemory or WriteProcessMemory request was completed. (0x12B)
[0815/144405.110:ERROR:process_memory_win.cc(73)] ReadMemory at 0x7eaee3eaf0 of 132 bytes failed: Only part of a ReadProcessMemory or WriteProcessMemory request was completed. (0x12B)
[0815/144405.110:ERROR:process_memory_win.cc(73)] ReadMemory at 0x7eaee3ec10 of 132 bytes failed: Only part of a ReadProcessMemory or WriteProcessMemory request was completed. (0x12B)
[0815/144405.110:ERROR:process_memory_win.cc(73)] ReadMemory at 0x7eaee3ed30 of 132 bytes failed: Only part of a ReadProcessMemory or WriteProcessMemory request was completed. (0x12B)
[0815/144405.110:ERROR:process_memory_win.cc(73)] ReadMemory at 0x7eaee3ee50 of 132 bytes failed: Only part of a ReadProcessMemory or WriteProcessMemory request was completed. (0x12B)
[0815/144405.110:ERROR:process_memory_win.cc(73)] ReadMemory at 0x7eaee3ef70 of 132 bytes failed: Only part of a ReadProcessMemory or WriteProcessMemory request was completed. (0x12B)
[0815/144405.110:ERROR:process_memory_win.cc(73)] ReadMemory at 0x7eaee3f090 of 132 bytes failed: Only part of a ReadProcessMemory or WriteProcessMemory request was completed. (0x12B)
[0815/144405.110:ERROR:process_memory_win.cc(73)] ReadMemory at 0x7eaee3f1b0 of 132 bytes failed: Only part of a ReadProcessMemory or WriteProcessMemory request was completed. (0x12B)
[0815/144405.110:ERROR:process_memory_win.cc(73)] ReadMemory at 0x7eaee3f560 of 80 bytes failed: Only part of a ReadProcessMemory or WriteProcessMemory request was completed. (0x12B)
[0815/144405.110:ERROR:process_memory_win.cc(73)] ReadMemory at 0x7eaee41ca0 of 132 bytes failed: Only part of a ReadProcessMemory or WriteProcessMemory request was completed. (0x12B)
[0815/144405.110:ERROR:process_memory_win.cc(73)] ReadMemory at 0x7eaee42000 of 132 bytes failed: Only part of a ReadProcessMemory or WriteProcessMemory request was completed. (0x12B)
[0815/144405.110:ERROR:process_memory_win.cc(73)] ReadMemory at 0x7eaee42480 of 132 bytes failed: Only part of a ReadProcessMemory or WriteProcessMemory request was completed. (0x12B)
[0815/144405.110:ERROR:process_memory_win.cc(73)] ReadMemory at 0x7eaee425a0 of 132 bytes failed: Only part of a ReadProcessMemory or WriteProcessMemory request was completed. (0x12B)
[0815/144405.110:ERROR:process_memory_win.cc(73)] ReadMemory at 0x7eaee42900 of 132 bytes failed: Only part of a ReadProcessMemory or WriteProcessMemory request was completed. (0x12B)
[0815/144405.110:ERROR:process_memory_win.cc(73)] ReadMemory at 0x7eaee430e0 of 132 bytes failed: Only part of a ReadProcessMemory or WriteProcessMemory request was completed. (0x12B)
[0815/144405.114:ERROR:process_memory_win.cc(73)] ReadMemory at 0x7eaee43200 of 132 bytes failed: Only part of a ReadProcessMemory or WriteProcessMemory request was completed. (0x12B)
[0815/144405.114:ERROR:process_memory_win.cc(73)] ReadMemory at 0x7eaee43320 of 132 bytes failed: Only part of a ReadProcessMemory or WriteProcessMemory request was completed. (0x12B)
[0815/144405.114:ERROR:process_memory_win.cc(73)] ReadMemory at 0x7eaee43560 of 132 bytes failed: Only part of a ReadProcessMemory or WriteProcessMemory request was completed. (0x12B)
[0815/144405.114:ERROR:process_memory_win.cc(73)] ReadMemory at 0x7eaee443c0 of 66 bytes failed: Only part of a ReadProcessMemory or WriteProcessMemory request was completed. (0x12B)
[0815/144405.114:ERROR:process_memory_win.cc(73)] ReadMemory at 0x7eaee44640 of 62 bytes failed: Only part of a ReadProcessMemory or WriteProcessMemory request was completed. (0x12B)
[0815/144405.114:ERROR:process_memory_win.cc(73)] ReadMemory at 0x7eaee44b40 of 58 bytes failed: Only part of a ReadProcessMemory or WriteProcessMemory request was completed. (0x12B)
[0815/144405.114:ERROR:process_memory_win.cc(73)] ReadMemory at 0x7eaee44c30 of 60 bytes failed: Only part of a ReadProcessMemory or WriteProcessMemory request was completed. (0x12B)
[0815/144405.114:ERROR:process_memory_win.cc(73)] ReadMemory at 0x7eaee44e10 of 64 bytes failed: Only part of a ReadProcessMemory or WriteProcessMemory request was completed. (0x12B)
[0815/144405.114:ERROR:process_memory_win.cc(73)] ReadMemory at 0x7eaee44eb0 of 58 bytes failed: Only part of a ReadProcessMemory or WriteProcessMemory request was completed. (0x12B)
[0815/144405.114:ERROR:process_memory_win.cc(73)] ReadMemory at 0x7eaee496f0 of 896 bytes failed: Only part of a ReadProcessMemory or WriteProcessMemory request was completed. (0x12B)
[0815/144405.114:ERROR:process_memory_win.cc(73)] ReadMemory at 0x7eaee4b160 of 512 bytes failed: Only part of a ReadProcessMemory or WriteProcessMemory request was completed. (0x12B)
[0815/144405.114:ERROR:process_memory_win.cc(73)] ReadMemory at 0x7eaf140ca0 of 512 bytes failed: Only part of a ReadProcessMemory or WriteProcessMemory request was completed. (0x12B)
[0815/144405.114:ERROR:process_memory_win.cc(73)] ReadMemory at 0x7eaf141540 of 512 bytes failed: Only part of a ReadProcessMemory or WriteProcessMemory request was completed. (0x12B)
[0815/144405.114:ERROR:process_memory_win.cc(73)] ReadMemory at 0x7eaf376c50 of 512 bytes failed: Only part of a ReadProcessMemory or WriteProcessMemory request was completed. (0x12B)
[0815/144405.114:ERROR:process_memory_win.cc(73)] ReadMemory at 0x7eaf382b40 of 512 bytes failed: Only part of a ReadProcessMemory or WriteProcessMemory request was completed. (0x12B)
[0815/144405.114:ERROR:process_memory_win.cc(73)] ReadMemory at 0x7eaf390d30 of 512 bytes failed: Only part of a ReadProcessMemory or WriteProcessMemory request was completed. (0x12B)
[0815/144405.114:ERROR:process_memory_win.cc(73)] ReadMemory at 0x7eaf3916f0 of 512 bytes failed: Only part of a ReadProcessMemory or WriteProcessMemory request was completed. (0x12B)
[0815/144405.114:ERROR:process_memory_win.cc(73)] ReadMemory at 0x7eaf395b10 of 712 bytes failed: Only part of a ReadProcessMemory or WriteProcessMemory request was completed. (0x12B)
[0815/144405.114:ERROR:process_memory_win.cc(73)] ReadMemory at 0x7eaf396c40 of 512 bytes failed: Only part of a ReadProcessMemory or WriteProcessMemory request was completed. (0x12B)
[0815/144405.114:ERROR:process_memory_win.cc(73)] ReadMemory at 0x7eaf39a050 of 512 bytes failed: Only part of a ReadProcessMemory or WriteProcessMemory request was completed. (0x12B)
[0815/144405.114:ERROR:process_memory_win.cc(73)] ReadMemory at 0x7eaf3a90f8 of 512 bytes failed: Only part of a ReadProcessMemory or WriteProcessMemory request was completed. (0x12B)
[0815/144405.114:ERROR:process_memory_win.cc(73)] ReadMemory at 0x7eb1c77c80 of 512 bytes failed: Only part of a ReadProcessMemory or WriteProcessMemory request was completed. (0x12B)
[0815/144405.114:ERROR:process_memory_win.cc(73)] ReadMemory at 0x7eb1c824d0 of 512 bytes failed: Only part of a ReadProcessMemory or WriteProcessMemory request was completed. (0x12B)
[0815/144405.114:ERROR:process_memory_win.cc(73)] ReadMemory at 0x7eb1cf9e00 of 512 bytes failed: Only part of a ReadProcessMemory or WriteProcessMemory request was completed. (0x12B)
[0815/144405.114:ERROR:process_memory_win.cc(73)] ReadMemory at 0x7eb280d090 of 512 bytes failed: Only part of a ReadProcessMemory or WriteProcessMemory request was completed. (0x12B)
[0815/144405.114:ERROR:process_memory_win.cc(73)] ReadMemory at 0x7eb2830b30 of 512 bytes failed: Only part of a ReadProcessMemory or WriteProcessMemory request was completed. (0x12B)
[0815/144405.118:ERROR:process_memory_win.cc(73)] ReadMemory at 0x7eb28936d0 of 512 bytes failed: Only part of a ReadProcessMemory or WriteProcessMemory request was completed. (0x12B)
[0815/144405.118:ERROR:process_memory_win.cc(73)] ReadMemory at 0x7ff766c4a000 of 6024 bytes failed: Only part of a ReadProcessMemory or WriteProcessMemory request was completed. (0x12B)
[0815/144405.118:ERROR:process_memory_win.cc(73)] ReadMemory at 0x7ff766c50000 of 6024 bytes failed: Only part of a ReadProcessMemory or WriteProcessMemory request was completed. (0x12B)
[0815/144405.118:ERROR:process_memory_win.cc(73)] ReadMemory at 0x7ff766c52000 of 6024 bytes failed: Only part of a ReadProcessMemory or WriteProcessMemory request was completed. (0x12B)
[0815/144405.118:ERROR:process_memory_win.cc(73)] ReadMemory at 0x7ff766c54000 of 6024 bytes failed: Only part of a ReadProcessMemory or WriteProcessMemory request was completed. (0x12B)
[0815/144405.118:ERROR:process_memory_win.cc(73)] ReadMemory at 0x7ff766c56000 of 6024 bytes failed: Only part of a ReadProcessMemory or WriteProcessMemory request was completed. (0x12B)
[0815/144405.118:ERROR:process_memory_win.cc(73)] ReadMemory at 0x7ff766c58000 of 6024 bytes failed: Only part of a ReadProcessMemory or WriteProcessMemory request was completed. (0x12B)
[0815/144405.118:ERROR:process_memory_win.cc(73)] ReadMemory at 0x7ff766c5c000 of 6024 bytes failed: Only part of a ReadProcessMemory or WriteProcessMemory request was completed. (0x12B)
[0815/144405.118:ERROR:process_memory_win.cc(73)] ReadMemory at 0x7ff766c5e000 of 6024 bytes failed: Only part of a ReadProcessMemory or WriteProcessMemory request was completed. (0x12B)
[0815/144405.118:ERROR:process_memory_win.cc(73)] ReadMemory at 0x7ff766d83000 of 6024 bytes failed: Only part of a ReadProcessMemory or WriteProcessMemory request was completed. (0x12B)
[0815/144405.118:ERROR:process_memory_win.cc(73)] ReadMemory at 0x7ff766d85000 of 6024 bytes failed: Only part of a ReadProcessMemory or WriteProcessMemory request was completed. (0x12B)
[0815/144405.118:ERROR:process_memory_win.cc(73)] ReadMemory at 0x7ff766d87000 of 6024 bytes failed: Only part of a ReadProcessMemory or WriteProcessMemory request was completed. (0x12B)
[0815/144405.118:ERROR:process_memory_win.cc(73)] ReadMemory at 0x7ff766d89000 of 6024 bytes failed: Only part of a ReadProcessMemory or WriteProcessMemory request was completed. (0x12B)
[0815/144405.118:ERROR:process_memory_win.cc(73)] ReadMemory at 0x7ff766d8b000 of 6024 bytes failed: Only part of a ReadProcessMemory or WriteProcessMemory request was completed. (0x12B)
[0815/144405.118:ERROR:process_memory_win.cc(73)] ReadMemory at 0x7ff766d8d000 of 6024 bytes failed: Only part of a ReadProcessMemory or WriteProcessMemory request was completed. (0x12B)
[0815/144405.122:ERROR:process_memory_win.cc(73)] ReadMemory at 0x7ff766d8f000 of 852 bytes failed: Only part of a ReadProcessMemory or WriteProcessMemory request was completed. (0x12B)
[0815/144405.122:ERROR:process_memory_win.cc(73)] ReadMemory at 0x7fff974c4a1c of 512 bytes failed: Only part of a ReadProcessMemory or WriteProcessMemory request was completed. (0x12B)
[0815/144405.122:ERROR:process_memory_win.cc(73)] ReadMemory at 0x7fff97befc38 of 559 bytes failed: Only part of a ReadProcessMemory or WriteProcessMemory request was completed. (0x12B)
[0815/144405.122:ERROR:process_memory_win.cc(73)] ReadMemory at 0x7fff99f85883 of 635 bytes failed: Only part of a ReadProcessMemory or WriteProcessMemory request was completed. (0x12B)
[0815/144405.122:ERROR:process_memory_win.cc(73)] ReadMemory at 0x7fffa7849712 of 512 bytes failed: Only part of a ReadProcessMemory or WriteProcessMemory request was completed. (0x12B)
[0815/144405.122:ERROR:process_memory_win.cc(73)] ReadMemory at 0x7fffbeb30fb0 of 512 bytes failed: Only part of a ReadProcessMemory or WriteProcessMemory request was completed. (0x12B)
[0815/144405.122:ERROR:process_memory_win.cc(73)] ReadMemory at 0x7fffc14695e0 of 18 bytes failed: Only part of a ReadProcessMemory or WriteProcessMemory request was completed. (0x12B)
[0815/144405.122:ERROR:process_memory_win.cc(73)] ReadMemory at 0x7fffc147c4f0 of 512 bytes failed: Only part of a ReadProcessMemory or WriteProcessMemory request was completed. (0x12B)
[0815/144405.122:ERROR:process_memory_win.cc(73)] ReadMemory at 0x7fffc149acd0 of 512 bytes failed: Only part of a ReadProcessMemory or WriteProcessMemory request was completed. (0x12B)
[0815/144405.122:ERROR:process_memory_win.cc(73)] ReadMemory at 0x7fffc14f071a of 592 bytes failed: Only part of a ReadProcessMemory or WriteProcessMemory request was completed. (0x12B)
[0815/144405.122:ERROR:process_memory_win.cc(73)] ReadMemory at 0x7fffc14f0a1a of 512 bytes failed: Only part of a ReadProcessMemory or WriteProcessMemory request was completed. (0x12B)
[0815/144405.122:ERROR:process_memory_win.cc(73)] ReadMemory at 0x7fffc14f219a of 560 bytes failed: Only part of a ReadProcessMemory or WriteProcessMemory request was completed. (0x12B)
[0815/144405.122:ERROR:process_memory_win.cc(73)] ReadMemory at 0x7fffc158e8a8 of 40 bytes failed: Only part of a ReadProcessMemory or WriteProcessMemory request was completed. (0x12B)
[0815/144405.122:ERROR:process_memory_win.cc(73)] ReadMemory at 0x7fffc158ebe0 of 48 bytes failed: Only part of a ReadProcessMemory or WriteProcessMemory request was completed. (0x12B)
[0815/144405.122:ERROR:process_memory_win.cc(73)] ReadMemory at 0x7fffc1591320 of 64 bytes failed: Only part of a ReadProcessMemory or WriteProcessMemory request was completed. (0x12B)
[0815/144405.126:ERROR:scoped_process_suspend.cc(40)] NtResumeProcess: An attempt was made to access an exiting process. (0xc000010a)
